# JRE version: OpenJDK Runtime Environment (11.0.2+9) (build 11.0.2+9)
# Java VM: OpenJDK 64-Bit Server VM (11.0.2+9, mixed mode, tiered, compressed oops, g1 gc, linux-amd64)
Heap:
 garbage-first heap   total 629760K, used 395167K [0x0000000700000000, 0x0000000800000000)
  region size 1024K, 154 young (157696K), 3 survivors (3072K)
 Metaspace       used 118831K, capacity 126309K, committed 126792K, reserved 1161216K
  class space    used 12956K, capacity 15528K, committed 15616K, reserved 1048576K
GC Heap History (10 events):
Event: 59.852 GC heap before
{Heap before GC invocations=21 (full 0):
 garbage-first heap   total 629760K, used 411424K [0x0000000700000000, 0x0000000800000000)
  region size 1024K, 211 young (216064K), 11 survivors (11264K)
 Metaspace       used 116264K, capacity 123569K, committed 123720K, reserved 1157120K
  class space    used 12745K, capacity 15299K, committed 15360K, reserved 1048576K
}
Event: 59.883 GC heap after
{Heap after GC invocations=22 (full 0):
 garbage-first heap   total 629760K, used 218400K [0x0000000700000000, 0x0000000800000000)
  region size 1024K, 22 young (22528K), 22 survivors (22528K)
 Metaspace       used 116264K, capacity 123569K, committed 123720K, reserved 1157120K
  class space    used 12745K, capacity 15299K, committed 15360K, reserved 1048576K
}
Event: 62.203 GC heap before
{Heap before GC invocations=22 (full 0):
 garbage-first heap   total 629760K, used 432416K [0x0000000700000000, 0x0000000800000000)
  region size 1024K, 230 young (235520K), 22 survivors (22528K)
 Metaspace       used 118187K, capacity 125625K, committed 126024K, reserved 1159168K
  class space    used 12942K, capacity 15494K, committed 15616K, reserved 1048576K
}
Event: 62.242 GC heap after
{Heap after GC invocations=23 (full 0):
 garbage-first heap   total 629760K, used 248473K [0x0000000700000000, 0x0000000800000000)
  region size 1024K, 29 young (29696K), 29 survivors (29696K)
 Metaspace       used 118187K, capacity 125625K, committed 126024K, reserved 1159168K
  class space    used 12942K, capacity 15494K, committed 15616K, reserved 1048576K
}
Event: 95.319 GC heap before
{Heap before GC invocations=23 (full 0):
 garbage-first heap   total 629760K, used 450201K [0x0000000700000000, 0x0000000800000000)
  region size 1024K, 226 young (231424K), 29 survivors (29696K)
 Metaspace       used 118387K, capacity 125817K, committed 126280K, reserved 1161216K
  class space    used 12948K, capacity 15494K, committed 15616K, reserved 1048576K
}
Event: 95.346 GC heap after
{Heap after GC invocations=24 (full 0):
 garbage-first heap   total 629760K, used 242176K [0x0000000700000000, 0x0000000800000000)
  region size 1024K, 4 young (4096K), 4 survivors (4096K)
 Metaspace       used 118387K, capacity 125817K, committed 126280K, reserved 1161216K
  class space    used 12948K, capacity 15494K, committed 15616K, reserved 1048576K
}
Event: 143.636 GC heap before
{Heap before GC invocations=24 (full 0):
 garbage-first heap   total 629760K, used 456192K [0x0000000700000000, 0x0000000800000000)
  region size 1024K, 213 young (218112K), 4 survivors (4096K)
 Metaspace       used 118394K, capacity 125820K, committed 126280K, reserved 1161216K
  class space    used 12948K, capacity 15495K, committed 15616K, reserved 1048576K
}
Event: 143.642 GC heap after
{Heap after GC invocations=25 (full 0):
 garbage-first heap   total 629760K, used 240640K [0x0000000700000000, 0x0000000800000000)
  region size 1024K, 2 young (2048K), 2 survivors (2048K)
 Metaspace       used 118394K, capacity 125820K, committed 126280K, reserved 1161216K
  class space    used 12948K, capacity 15495K, committed 15616K, reserved 1048576K
}
Event: 323.601 GC heap before
{Heap before GC invocations=25 (full 0):
 garbage-first heap   total 629760K, used 465920K [0x0000000700000000, 0x0000000800000000)
  region size 1024K, 222 young (227328K), 2 survivors (2048K)
 Metaspace       used 118574K, capacity 126114K, committed 126536K, reserved 1161216K
  class space    used 12956K, capacity 15528K, committed 15616K, reserved 1048576K
}
Event: 323.610 GC heap after
{Heap after GC invocations=26 (full 0):
 garbage-first heap   total 629760K, used 241567K [0x0000000700000000, 0x0000000800000000)
  region size 1024K, 3 young (3072K), 3 survivors (3072K)
 Metaspace       used 118574K, capacity 126114K, committed 126536K, reserved 1161216K
  class space    used 12956K, capacity 15528K, committed 15616K, reserved 1048576K
}

