# JRE version: OpenJDK Runtime Environment (11.0.2+9) (build 11.0.2+9)
# Java VM: OpenJDK 64-Bit Server VM (11.0.2+9, mixed mode, tiered, compressed oops, g1 gc, linux-amd64)
Heap:
 garbage-first heap   total 524288K, used 91624K [0x0000000700000000, 0x0000000800000000)
  region size 1024K, 38 young (38912K), 13 survivors (13312K)
 Metaspace       used 76593K, capacity 82451K, committed 82824K, reserved 1122304K
  class space    used 8363K, capacity 10338K, committed 10368K, reserved 1048576K
GC Heap History (10 events):
Event: 8.738 GC heap before
{Heap before GC invocations=2 (full 0):
 garbage-first heap   total 524288K, used 25125K [0x0000000700000000, 0x0000000800000000)
  region size 1024K, 25 young (25600K), 23 survivors (23552K)
 Metaspace       used 20208K, capacity 21180K, committed 21296K, reserved 1069056K
  class space    used 1843K, capacity 2167K, committed 2176K, reserved 1048576K
}
Event: 8.775 GC heap after
{Heap after GC invocations=3 (full 0):
 garbage-first heap   total 524288K, used 26599K [0x0000000700000000, 0x0000000800000000)
  region size 1024K, 3 young (3072K), 3 survivors (3072K)
 Metaspace       used 20208K, capacity 21180K, committed 21296K, reserved 1069056K
  class space    used 1843K, capacity 2167K, committed 2176K, reserved 1048576K
}
Event: 10.947 GC heap before
{Heap before GC invocations=4 (full 0):
 garbage-first heap   total 524288K, used 67559K [0x0000000700000000, 0x0000000800000000)
  region size 1024K, 44 young (45056K), 3 survivors (3072K)
 Metaspace       used 33242K, capacity 35736K, committed 35920K, reserved 1081344K
  class space    used 3467K, capacity 4254K, committed 4352K, reserved 1048576K
}
Event: 10.964 GC heap after
{Heap after GC invocations=5 (full 0):
 garbage-first heap   total 524288K, used 28366K [0x0000000700000000, 0x0000000800000000)
  region size 1024K, 6 young (6144K), 6 survivors (6144K)
 Metaspace       used 33242K, capacity 35736K, committed 35920K, reserved 1081344K
  class space    used 3467K, capacity 4254K, committed 4352K, reserved 1048576K
}
Event: 13.822 GC heap before
{Heap before GC invocations=6 (full 0):
 garbage-first heap   total 524288K, used 182990K [0x0000000700000000, 0x0000000800000000)
  region size 1024K, 151 young (154624K), 6 survivors (6144K)
 Metaspace       used 51688K, capacity 55780K, committed 56016K, reserved 1097728K
  class space    used 5667K, capacity 7171K, committed 7296K, reserved 1048576K
}
Event: 13.845 GC heap after
{Heap after GC invocations=7 (full 0):
 garbage-first heap   total 524288K, used 52060K [0x0000000700000000, 0x0000000800000000)
  region size 1024K, 19 young (19456K), 19 survivors (19456K)
 Metaspace       used 51688K, capacity 55780K, committed 56016K, reserved 1097728K
  class space    used 5667K, capacity 7171K, committed 7296K, reserved 1048576K
}
Event: 15.136 GC heap before
{Heap before GC invocations=7 (full 0):
 garbage-first heap   total 524288K, used 67420K [0x0000000700000000, 0x0000000800000000)
  region size 1024K, 35 young (35840K), 19 survivors (19456K)
 Metaspace       used 55500K, capacity 60174K, committed 60296K, reserved 1101824K
  class space    used 6170K, capacity 7747K, committed 7808K, reserved 1048576K
}
Event: 15.161 GC heap after
{Heap after GC invocations=8 (full 0):
 garbage-first heap   total 524288K, used 55694K [0x0000000700000000, 0x0000000800000000)
  region size 1024K, 4 young (4096K), 4 survivors (4096K)
 Metaspace       used 55500K, capacity 60174K, committed 60296K, reserved 1101824K
  class space    used 6170K, capacity 7747K, committed 7808K, reserved 1048576K
}
Event: 36.016 GC heap before
{Heap before GC invocations=9 (full 0):
 garbage-first heap   total 524288K, used 163214K [0x0000000700000000, 0x0000000800000000)
  region size 1024K, 108 young (110592K), 4 survivors (4096K)
 Metaspace       used 76042K, capacity 81810K, committed 82312K, reserved 1122304K
  class space    used 8345K, capacity 10338K, committed 10368K, reserved 1048576K
}
Event: 36.038 GC heap after
{Heap after GC invocations=10 (full 0):
 garbage-first heap   total 524288K, used 67048K [0x0000000700000000, 0x0000000800000000)
  region size 1024K, 13 young (13312K), 13 survivors (13312K)
 Metaspace       used 76042K, capacity 81810K, committed 82312K, reserved 1122304K
  class space    used 8345K, capacity 10338K, committed 10368K, reserved 1048576K
}

