# JRE version: OpenJDK Runtime Environment (11.0.2+9) (build 11.0.2+9)
# Java VM: OpenJDK 64-Bit Server VM (11.0.2+9, mixed mode, tiered, compressed oops, g1 gc, linux-amd64)
Heap:
 garbage-first heap   total 524288K, used 40927K [0x0000000700000000, 0x0000000800000000)
  region size 1024K, 18 young (18432K), 2 survivors (2048K)
 Metaspace       used 25658K, capacity 27345K, committed 27568K, reserved 1073152K
  class space    used 2444K, capacity 2953K, committed 3072K, reserved 1048576K
GC Heap History (6 events):
Event: 5.839 GC heap before
{Heap before GC invocations=0 (full 0):
 garbage-first heap   total 524288K, used 25600K [0x0000000700000000, 0x0000000800000000)
  region size 1024K, 25 young (25600K), 0 survivors (0K)
 Metaspace       used 13580K, capacity 13833K, committed 14208K, reserved 1062912K
  class space    used 1257K, capacity 1333K, committed 1408K, reserved 1048576K
}
Event: 5.847 GC heap after
{Heap after GC invocations=1 (full 0):
 garbage-first heap   total 524288K, used 3585K [0x0000000700000000, 0x0000000800000000)
  region size 1024K, 4 young (4096K), 4 survivors (4096K)
 Metaspace       used 13580K, capacity 13833K, committed 14208K, reserved 1062912K
  class space    used 1257K, capacity 1333K, committed 1408K, reserved 1048576K
}
Event: 8.457 GC heap before
{Heap before GC invocations=1 (full 0):
 garbage-first heap   total 524288K, used 314881K [0x0000000700000000, 0x0000000800000000)
  region size 1024K, 307 young (314368K), 4 survivors (4096K)
 Metaspace       used 19991K, capacity 20956K, committed 21120K, reserved 1069056K
  class space    used 1832K, capacity 2135K, committed 2176K, reserved 1048576K
}
Event: 8.483 GC heap after
{Heap after GC invocations=2 (full 0):
 garbage-first heap   total 524288K, used 24324K [0x0000000700000000, 0x0000000800000000)
  region size 1024K, 23 young (23552K), 23 survivors (23552K)
 Metaspace       used 19991K, capacity 20956K, committed 21120K, reserved 1069056K
  class space    used 1832K, capacity 2135K, committed 2176K, reserved 1048576K
}
Event: 8.493 GC heap before
{Heap before GC invocations=2 (full 0):
 garbage-first heap   total 524288K, used 26372K [0x0000000700000000, 0x0000000800000000)
  region size 1024K, 26 young (26624K), 23 survivors (23552K)
 Metaspace       used 20203K, capacity 21180K, committed 21296K, reserved 1069056K
  class space    used 1843K, capacity 2167K, committed 2176K, reserved 1048576K
}
Event: 8.534 GC heap after
{Heap after GC invocations=3 (full 0):
 garbage-first heap   total 524288K, used 25567K [0x0000000700000000, 0x0000000800000000)
  region size 1024K, 2 young (2048K), 2 survivors (2048K)
 Metaspace       used 20203K, capacity 21180K, committed 21296K, reserved 1069056K
  class space    used 1843K, capacity 2167K, committed 2176K, reserved 1048576K
}

