# JRE version: OpenJDK Runtime Environment (11.0.2+9) (build 11.0.2+9)
# Java VM: OpenJDK 64-Bit Server VM (11.0.2+9, mixed mode, tiered, compressed oops, g1 gc, linux-amd64)
Heap:
 garbage-first heap   total 524288K, used 41018K [0x0000000700000000, 0x0000000800000000)
  region size 1024K, 19 young (19456K), 2 survivors (2048K)
 Metaspace       used 25905K, capacity 27439K, committed 27696K, reserved 1075200K
  class space    used 2435K, capacity 2920K, committed 2944K, reserved 1048576K
GC Heap History (6 events):
Event: 5.299 GC heap before
{Heap before GC invocations=0 (full 0):
 garbage-first heap   total 524288K, used 25600K [0x0000000700000000, 0x0000000800000000)
  region size 1024K, 25 young (25600K), 0 survivors (0K)
 Metaspace       used 13086K, capacity 13250K, committed 13568K, reserved 1060864K
  class space    used 1182K, capacity 1222K, committed 1280K, reserved 1048576K
}
Event: 5.306 GC heap after
{Heap after GC invocations=1 (full 0):
 garbage-first heap   total 524288K, used 3583K [0x0000000700000000, 0x0000000800000000)
  region size 1024K, 4 young (4096K), 4 survivors (4096K)
 Metaspace       used 13086K, capacity 13250K, committed 13568K, reserved 1060864K
  class space    used 1182K, capacity 1222K, committed 1280K, reserved 1048576K
}
Event: 9.022 GC heap before
{Heap before GC invocations=1 (full 0):
 garbage-first heap   total 524288K, used 314879K [0x0000000700000000, 0x0000000800000000)
  region size 1024K, 307 young (314368K), 4 survivors (4096K)
 Metaspace       used 20243K, capacity 21149K, committed 21296K, reserved 1069056K
  class space    used 1825K, capacity 2135K, committed 2176K, reserved 1048576K
}
Event: 9.042 GC heap after
{Heap after GC invocations=2 (full 0):
 garbage-first heap   total 524288K, used 23799K [0x0000000700000000, 0x0000000800000000)
  region size 1024K, 23 young (23552K), 23 survivors (23552K)
 Metaspace       used 20243K, capacity 21149K, committed 21296K, reserved 1069056K
  class space    used 1825K, capacity 2135K, committed 2176K, reserved 1048576K
}
Event: 9.139 GC heap before
{Heap before GC invocations=2 (full 0):
 garbage-first heap   total 524288K, used 39159K [0x0000000700000000, 0x0000000800000000)
  region size 1024K, 39 young (39936K), 23 survivors (23552K)
 Metaspace       used 20333K, capacity 21213K, committed 21296K, reserved 1069056K
  class space    used 1829K, capacity 2135K, committed 2176K, reserved 1048576K
}
Event: 9.188 GC heap after
{Heap after GC invocations=3 (full 0):
 garbage-first heap   total 524288K, used 25658K [0x0000000700000000, 0x0000000800000000)
  region size 1024K, 2 young (2048K), 2 survivors (2048K)
 Metaspace       used 20333K, capacity 21213K, committed 21296K, reserved 1069056K
  class space    used 1829K, capacity 2135K, committed 2176K, reserved 1048576K
}

